{"level":"info","message":"listening to port 3000","timestamp":"2019-09-09T01:02:39.082Z"}
{"level":"info","message":"listening to port 3000","timestamp":"2019-09-09T01:03:06.117Z"}
{"level":"info","message":"listening to port 3000","timestamp":"2019-09-09T01:04:09.398Z"}
{"level":"info","message":"Connected to mongodb://localhost/trailo..","timestamp":"2019-09-09T01:04:09.463Z"}
{"level":"info","message":"listening to port 3000","timestamp":"2019-09-09T01:11:20.916Z"}
{"level":"info","message":"Connected to mongodb://localhost/unspent..","timestamp":"2019-09-09T01:11:20.948Z"}
{"message":"Unexpected token \" in JSON at position 3","stack":"SyntaxError: Unexpected token \" in JSON at position 3\n    at JSON.parse (<anonymous>)\n    at createStrictSyntaxError (/Users/amruthamuraleedharan/unspent-node-api/node_modules/body-parser/lib/types/json.js:158:10)\n    at parse (/Users/amruthamuraleedharan/unspent-node-api/node_modules/body-parser/lib/types/json.js:83:15)\n    at /Users/amruthamuraleedharan/unspent-node-api/node_modules/body-parser/lib/read.js:121:18\n    at invokeCallback (/Users/amruthamuraleedharan/unspent-node-api/node_modules/raw-body/index.js:224:16)\n    at done (/Users/amruthamuraleedharan/unspent-node-api/node_modules/raw-body/index.js:213:7)\n    at IncomingMessage.onEnd (/Users/amruthamuraleedharan/unspent-node-api/node_modules/raw-body/index.js:273:7)\n    at IncomingMessage.emit (events.js:203:15)\n    at endReadableNT (_stream_readable.js:1129:12)\n    at process._tickCallback (internal/process/next_tick.js:63:19)","expose":true,"statusCode":400,"status":400,"body":" \n \"_id\": \"5b21ca3eeb7f6fbccd471815\",\n    \"category\": \"Shopping\",\n    \"amount\": 50,\n    \"date\": \"2018-12-31\",\n    \"notes\": \"Bought less expensive phone\"","type":"entity.parse.failed","level":"error","timestamp":"2019-09-09T01:38:02.883Z"}
{"level":"info","message":"listening to port 3000","timestamp":"2019-09-09T01:40:15.965Z"}
{"level":"info","message":"Connected to mongodb://localhost/unspent..","timestamp":"2019-09-09T01:40:16.057Z"}
{"level":"info","message":"listening to port 3000","timestamp":"2019-09-09T01:43:02.895Z"}
{"level":"info","message":"Connected to mongodb://localhost/unspent..","timestamp":"2019-09-09T01:43:02.925Z"}
{"level":"info","message":"listening to port 3000","timestamp":"2019-09-09T01:52:34.975Z"}
{"level":"info","message":"Connected to mongodb://localhost/unspent..","timestamp":"2019-09-09T01:52:35.003Z"}
{"level":"info","message":"listening to port 3000","timestamp":"2019-09-09T02:28:51.507Z"}
{"level":"info","message":"Connected to mongodb://localhost/unspent..","timestamp":"2019-09-09T02:28:51.534Z"}
{"level":"info","message":"listening to port 3000","timestamp":"2019-09-09T02:36:52.983Z"}
{"level":"info","message":"Connected to mongodb://localhost/unspent..","timestamp":"2019-09-09T02:36:53.010Z"}
{"level":"info","message":"listening to port 3000","timestamp":"2019-09-09T02:38:44.604Z"}
{"level":"info","message":"Connected to mongodb://localhost/unspent..","timestamp":"2019-09-09T02:38:44.634Z"}
{"level":"info","message":"listening to port 3000","timestamp":"2019-09-09T02:39:03.690Z"}
{"level":"info","message":"Connected to mongodb://localhost/unspent..","timestamp":"2019-09-09T02:39:03.717Z"}
{"level":"info","message":"listening to port 3000","timestamp":"2019-09-09T02:39:35.795Z"}
{"level":"info","message":"Connected to mongodb://localhost/unspent..","timestamp":"2019-09-09T02:39:35.818Z"}
{"level":"info","message":"listening to port 3000","timestamp":"2019-09-09T02:41:14.161Z"}
{"level":"info","message":"Connected to mongodb://localhost/unspent..","timestamp":"2019-09-09T02:41:14.184Z"}
{"level":"info","message":"listening to port 3000","timestamp":"2019-09-09T02:42:42.440Z"}
{"level":"info","message":"Connected to mongodb://localhost/unspent..","timestamp":"2019-09-09T02:42:42.464Z"}
{"message":"Reward is not defined","stack":"ReferenceError: Reward is not defined\n    at router.get (/Users/amruthamuraleedharan/unspent-node-api/routes/accounts.js:7:19)\n    at /Users/amruthamuraleedharan/unspent-node-api/node_modules/express-async-errors/index.js:17:20\n    at Layer.handle [as handle_request] (/Users/amruthamuraleedharan/unspent-node-api/node_modules/express/lib/router/layer.js:95:5)\n    at next (/Users/amruthamuraleedharan/unspent-node-api/node_modules/express/lib/router/route.js:137:13)\n    at Route.dispatch (/Users/amruthamuraleedharan/unspent-node-api/node_modules/express/lib/router/route.js:112:3)\n    at /Users/amruthamuraleedharan/unspent-node-api/node_modules/express-async-errors/index.js:17:20\n    at Layer.handle [as handle_request] (/Users/amruthamuraleedharan/unspent-node-api/node_modules/express/lib/router/layer.js:95:5)\n    at /Users/amruthamuraleedharan/unspent-node-api/node_modules/express/lib/router/index.js:281:22\n    at Function.process_params (/Users/amruthamuraleedharan/unspent-node-api/node_modules/express/lib/router/index.js:335:12)\n    at next (/Users/amruthamuraleedharan/unspent-node-api/node_modules/express/lib/router/index.js:275:10)\n    at Function.handle (/Users/amruthamuraleedharan/unspent-node-api/node_modules/express/lib/router/index.js:174:3)\n    at router (/Users/amruthamuraleedharan/unspent-node-api/node_modules/express/lib/router/index.js:47:12)\n    at /Users/amruthamuraleedharan/unspent-node-api/node_modules/express-async-errors/index.js:17:20\n    at Layer.handle [as handle_request] (/Users/amruthamuraleedharan/unspent-node-api/node_modules/express/lib/router/layer.js:95:5)\n    at trim_prefix (/Users/amruthamuraleedharan/unspent-node-api/node_modules/express/lib/router/index.js:317:13)\n    at /Users/amruthamuraleedharan/unspent-node-api/node_modules/express/lib/router/index.js:284:7","level":"error","timestamp":"2019-09-09T02:42:47.568Z"}
{"level":"info","message":"listening to port 3000","timestamp":"2019-09-09T02:43:20.271Z"}
{"level":"info","message":"Connected to mongodb://localhost/unspent..","timestamp":"2019-09-09T02:43:20.296Z"}
{"message":"Reward is not defined","stack":"ReferenceError: Reward is not defined\n    at router.get (/Users/amruthamuraleedharan/unspent-node-api/routes/accounts.js:7:19)\n    at /Users/amruthamuraleedharan/unspent-node-api/node_modules/express-async-errors/index.js:17:20\n    at Layer.handle [as handle_request] (/Users/amruthamuraleedharan/unspent-node-api/node_modules/express/lib/router/layer.js:95:5)\n    at next (/Users/amruthamuraleedharan/unspent-node-api/node_modules/express/lib/router/route.js:137:13)\n    at Route.dispatch (/Users/amruthamuraleedharan/unspent-node-api/node_modules/express/lib/router/route.js:112:3)\n    at /Users/amruthamuraleedharan/unspent-node-api/node_modules/express-async-errors/index.js:17:20\n    at Layer.handle [as handle_request] (/Users/amruthamuraleedharan/unspent-node-api/node_modules/express/lib/router/layer.js:95:5)\n    at /Users/amruthamuraleedharan/unspent-node-api/node_modules/express/lib/router/index.js:281:22\n    at Function.process_params (/Users/amruthamuraleedharan/unspent-node-api/node_modules/express/lib/router/index.js:335:12)\n    at next (/Users/amruthamuraleedharan/unspent-node-api/node_modules/express/lib/router/index.js:275:10)\n    at Function.handle (/Users/amruthamuraleedharan/unspent-node-api/node_modules/express/lib/router/index.js:174:3)\n    at router (/Users/amruthamuraleedharan/unspent-node-api/node_modules/express/lib/router/index.js:47:12)\n    at /Users/amruthamuraleedharan/unspent-node-api/node_modules/express-async-errors/index.js:17:20\n    at Layer.handle [as handle_request] (/Users/amruthamuraleedharan/unspent-node-api/node_modules/express/lib/router/layer.js:95:5)\n    at trim_prefix (/Users/amruthamuraleedharan/unspent-node-api/node_modules/express/lib/router/index.js:317:13)\n    at /Users/amruthamuraleedharan/unspent-node-api/node_modules/express/lib/router/index.js:284:7","level":"error","timestamp":"2019-09-09T02:43:26.895Z"}
{"level":"info","message":"listening to port 3000","timestamp":"2019-09-09T02:44:00.718Z"}
{"level":"info","message":"Connected to mongodb://localhost/unspent..","timestamp":"2019-09-09T02:44:00.753Z"}
{"level":"info","message":"listening to port 3000","timestamp":"2019-09-09T02:44:41.870Z"}
{"level":"info","message":"Connected to mongodb://localhost/unspent..","timestamp":"2019-09-09T02:44:41.900Z"}
{"level":"info","message":"listening to port 3000","timestamp":"2019-09-09T02:46:19.600Z"}
{"level":"info","message":"Connected to mongodb://localhost/unspent..","timestamp":"2019-09-09T02:46:19.666Z"}
{"level":"info","message":"listening to port 3000","timestamp":"2019-09-09T02:46:47.806Z"}
{"level":"info","message":"Connected to mongodb://localhost/unspent..","timestamp":"2019-09-09T02:46:47.860Z"}
{"level":"info","message":"listening to port 3000","timestamp":"2019-09-09T02:47:46.699Z"}
{"level":"info","message":"Connected to mongodb://localhost/unspent..","timestamp":"2019-09-09T02:47:46.744Z"}
{"level":"info","message":"listening to port 3000","timestamp":"2019-09-09T02:51:03.112Z"}
{"level":"info","message":"Connected to mongodb://localhost/unspent..","timestamp":"2019-09-09T02:51:03.136Z"}
{"message":"validate is not defined","stack":"ReferenceError: validate is not defined\n    at router.post (/Users/amruthamuraleedharan/unspent-node-api/routes/accounts.js:48:11)\n    at /Users/amruthamuraleedharan/unspent-node-api/node_modules/express-async-errors/index.js:17:20\n    at Layer.handle [as handle_request] (/Users/amruthamuraleedharan/unspent-node-api/node_modules/express/lib/router/layer.js:95:5)\n    at next (/Users/amruthamuraleedharan/unspent-node-api/node_modules/express/lib/router/route.js:137:13)\n    at Route.dispatch (/Users/amruthamuraleedharan/unspent-node-api/node_modules/express/lib/router/route.js:112:3)\n    at /Users/amruthamuraleedharan/unspent-node-api/node_modules/express-async-errors/index.js:17:20\n    at Layer.handle [as handle_request] (/Users/amruthamuraleedharan/unspent-node-api/node_modules/express/lib/router/layer.js:95:5)\n    at /Users/amruthamuraleedharan/unspent-node-api/node_modules/express/lib/router/index.js:281:22\n    at Function.process_params (/Users/amruthamuraleedharan/unspent-node-api/node_modules/express/lib/router/index.js:335:12)\n    at next (/Users/amruthamuraleedharan/unspent-node-api/node_modules/express/lib/router/index.js:275:10)\n    at Function.handle (/Users/amruthamuraleedharan/unspent-node-api/node_modules/express/lib/router/index.js:174:3)\n    at router (/Users/amruthamuraleedharan/unspent-node-api/node_modules/express/lib/router/index.js:47:12)\n    at /Users/amruthamuraleedharan/unspent-node-api/node_modules/express-async-errors/index.js:17:20\n    at Layer.handle [as handle_request] (/Users/amruthamuraleedharan/unspent-node-api/node_modules/express/lib/router/layer.js:95:5)\n    at trim_prefix (/Users/amruthamuraleedharan/unspent-node-api/node_modules/express/lib/router/index.js:317:13)\n    at /Users/amruthamuraleedharan/unspent-node-api/node_modules/express/lib/router/index.js:284:7","level":"error","timestamp":"2019-09-09T02:51:06.566Z"}
{"level":"info","message":"listening to port 3000","timestamp":"2019-09-09T02:51:26.422Z"}
{"level":"info","message":"Connected to mongodb://localhost/unspent..","timestamp":"2019-09-09T02:51:26.465Z"}
{"message":"Joi.array.optional is not a function","stack":"TypeError: Joi.array.optional is not a function\n    at validateAccount (/Users/amruthamuraleedharan/unspent-node-api/models/account.js:18:24)\n    at router.post (/Users/amruthamuraleedharan/unspent-node-api/routes/accounts.js:54:21)\n    at /Users/amruthamuraleedharan/unspent-node-api/node_modules/express-async-errors/index.js:17:20\n    at Layer.handle [as handle_request] (/Users/amruthamuraleedharan/unspent-node-api/node_modules/express/lib/router/layer.js:95:5)\n    at next (/Users/amruthamuraleedharan/unspent-node-api/node_modules/express/lib/router/route.js:137:13)\n    at Route.dispatch (/Users/amruthamuraleedharan/unspent-node-api/node_modules/express/lib/router/route.js:112:3)\n    at /Users/amruthamuraleedharan/unspent-node-api/node_modules/express-async-errors/index.js:17:20\n    at Layer.handle [as handle_request] (/Users/amruthamuraleedharan/unspent-node-api/node_modules/express/lib/router/layer.js:95:5)\n    at /Users/amruthamuraleedharan/unspent-node-api/node_modules/express/lib/router/index.js:281:22\n    at Function.process_params (/Users/amruthamuraleedharan/unspent-node-api/node_modules/express/lib/router/index.js:335:12)\n    at next (/Users/amruthamuraleedharan/unspent-node-api/node_modules/express/lib/router/index.js:275:10)\n    at Function.handle (/Users/amruthamuraleedharan/unspent-node-api/node_modules/express/lib/router/index.js:174:3)\n    at router (/Users/amruthamuraleedharan/unspent-node-api/node_modules/express/lib/router/index.js:47:12)\n    at /Users/amruthamuraleedharan/unspent-node-api/node_modules/express-async-errors/index.js:17:20\n    at Layer.handle [as handle_request] (/Users/amruthamuraleedharan/unspent-node-api/node_modules/express/lib/router/layer.js:95:5)\n    at trim_prefix (/Users/amruthamuraleedharan/unspent-node-api/node_modules/express/lib/router/index.js:317:13)","level":"error","timestamp":"2019-09-09T02:51:28.047Z"}
{"message":"Joi.array.optional is not a function","stack":"TypeError: Joi.array.optional is not a function\n    at validateAccount (/Users/amruthamuraleedharan/unspent-node-api/models/account.js:18:24)\n    at router.post (/Users/amruthamuraleedharan/unspent-node-api/routes/accounts.js:54:21)\n    at /Users/amruthamuraleedharan/unspent-node-api/node_modules/express-async-errors/index.js:17:20\n    at Layer.handle [as handle_request] (/Users/amruthamuraleedharan/unspent-node-api/node_modules/express/lib/router/layer.js:95:5)\n    at next (/Users/amruthamuraleedharan/unspent-node-api/node_modules/express/lib/router/route.js:137:13)\n    at Route.dispatch (/Users/amruthamuraleedharan/unspent-node-api/node_modules/express/lib/router/route.js:112:3)\n    at /Users/amruthamuraleedharan/unspent-node-api/node_modules/express-async-errors/index.js:17:20\n    at Layer.handle [as handle_request] (/Users/amruthamuraleedharan/unspent-node-api/node_modules/express/lib/router/layer.js:95:5)\n    at /Users/amruthamuraleedharan/unspent-node-api/node_modules/express/lib/router/index.js:281:22\n    at Function.process_params (/Users/amruthamuraleedharan/unspent-node-api/node_modules/express/lib/router/index.js:335:12)\n    at next (/Users/amruthamuraleedharan/unspent-node-api/node_modules/express/lib/router/index.js:275:10)\n    at Function.handle (/Users/amruthamuraleedharan/unspent-node-api/node_modules/express/lib/router/index.js:174:3)\n    at router (/Users/amruthamuraleedharan/unspent-node-api/node_modules/express/lib/router/index.js:47:12)\n    at /Users/amruthamuraleedharan/unspent-node-api/node_modules/express-async-errors/index.js:17:20\n    at Layer.handle [as handle_request] (/Users/amruthamuraleedharan/unspent-node-api/node_modules/express/lib/router/layer.js:95:5)\n    at trim_prefix (/Users/amruthamuraleedharan/unspent-node-api/node_modules/express/lib/router/index.js:317:13)","level":"error","timestamp":"2019-09-09T02:51:29.042Z"}
{"level":"info","message":"listening to port 3000","timestamp":"2019-09-09T02:51:58.968Z"}
{"level":"info","message":"Connected to mongodb://localhost/unspent..","timestamp":"2019-09-09T02:51:59.007Z"}
{"level":"info","message":"listening to port 3000","timestamp":"2019-09-09T03:05:45.553Z"}
{"level":"info","message":"Connected to mongodb://localhost/unspent..","timestamp":"2019-09-09T03:05:45.579Z"}
{"level":"info","message":"listening to port 3000","timestamp":"2019-09-09T03:12:27.977Z"}
{"level":"info","message":"Connected to mongodb://localhost/unspent..","timestamp":"2019-09-09T03:12:27.998Z"}
{"level":"info","message":"listening to port 3000","timestamp":"2019-09-09T03:12:39.596Z"}
{"level":"info","message":"Connected to mongodb://localhost/unspent..","timestamp":"2019-09-09T03:12:39.628Z"}
{"level":"info","message":"listening to port 3000","timestamp":"2019-09-09T03:13:26.671Z"}
{"level":"info","message":"Connected to mongodb://localhost/unspent..","timestamp":"2019-09-09T03:13:26.696Z"}
{"level":"info","message":"listening to port 3000","timestamp":"2019-09-09T03:14:24.786Z"}
{"level":"info","message":"Connected to mongodb://localhost/unspent..","timestamp":"2019-09-09T03:14:24.809Z"}
{"level":"info","message":"listening to port 3000","timestamp":"2019-09-09T03:14:39.609Z"}
{"level":"info","message":"Connected to mongodb://localhost/unspent..","timestamp":"2019-09-09T03:14:39.632Z"}
{"level":"info","message":"listening to port 3000","timestamp":"2019-09-09T03:18:58.694Z"}
{"level":"info","message":"Connected to mongodb://localhost/unspent..","timestamp":"2019-09-09T03:18:58.719Z"}
{"level":"info","message":"listening to port 3000","timestamp":"2019-09-09T03:19:02.982Z"}
{"level":"info","message":"Connected to mongodb://localhost/unspent..","timestamp":"2019-09-09T03:19:03.009Z"}
{"level":"info","message":"listening to port 3000","timestamp":"2019-09-09T03:19:16.668Z"}
{"level":"info","message":"Connected to mongodb://localhost/unspent..","timestamp":"2019-09-09T03:19:16.705Z"}
{"level":"info","message":"listening to port 3000","timestamp":"2019-09-09T03:20:22.825Z"}
{"level":"info","message":"Connected to mongodb://localhost/unspent..","timestamp":"2019-09-09T03:20:22.849Z"}
{"level":"info","message":"listening to port 3000","timestamp":"2019-09-09T03:23:53.506Z"}
{"level":"info","message":"Connected to mongodb://localhost/unspent..","timestamp":"2019-09-09T03:23:53.540Z"}
{"level":"info","message":"listening to port 3000","timestamp":"2019-09-09T03:24:03.838Z"}
{"level":"info","message":"Connected to mongodb://localhost/unspent..","timestamp":"2019-09-09T03:24:03.862Z"}
{"level":"info","message":"listening to port 3000","timestamp":"2019-09-09T03:25:13.081Z"}
{"level":"info","message":"Connected to mongodb://localhost/unspent..","timestamp":"2019-09-09T03:25:13.109Z"}
{"level":"info","message":"listening to port 3000","timestamp":"2019-09-09T03:26:37.855Z"}
{"level":"info","message":"Connected to mongodb://localhost/unspent..","timestamp":"2019-09-09T03:26:37.874Z"}
{"level":"info","message":"listening to port 3000","timestamp":"2019-09-09T03:27:30.089Z"}
{"level":"info","message":"Connected to mongodb://localhost/unspent..","timestamp":"2019-09-09T03:27:30.120Z"}
{"level":"info","message":"listening to port 3000","timestamp":"2019-09-09T03:27:47.951Z"}
{"level":"info","message":"Connected to mongodb://localhost/unspent..","timestamp":"2019-09-09T03:27:47.971Z"}
{"level":"info","message":"listening to port 3000","timestamp":"2019-09-09T03:28:01.337Z"}
{"level":"info","message":"Connected to mongodb://localhost/unspent..","timestamp":"2019-09-09T03:28:01.365Z"}
{"level":"info","message":"listening to port 3000","timestamp":"2019-09-09T03:28:16.716Z"}
{"level":"info","message":"Connected to mongodb://localhost/unspent..","timestamp":"2019-09-09T03:28:16.740Z"}
{"level":"info","message":"listening to port 3000","timestamp":"2019-09-09T03:28:27.297Z"}
{"level":"info","message":"Connected to mongodb://localhost/unspent..","timestamp":"2019-09-09T03:28:27.322Z"}
{"level":"info","message":"listening to port 3000","timestamp":"2019-09-09T03:29:31.653Z"}
{"level":"info","message":"Connected to mongodb://localhost/unspent..","timestamp":"2019-09-09T03:29:31.690Z"}
{"level":"info","message":"listening to port 3000","timestamp":"2019-09-09T03:29:43.955Z"}
{"level":"info","message":"Connected to mongodb://localhost/unspent..","timestamp":"2019-09-09T03:29:43.976Z"}
{"level":"info","message":"listening to port 3000","timestamp":"2019-09-09T03:31:28.944Z"}
{"level":"info","message":"Connected to mongodb://localhost/unspent..","timestamp":"2019-09-09T03:31:28.964Z"}
{"message":"Cannot set headers after they are sent to the client","stack":"Error [ERR_HTTP_HEADERS_SENT]: Cannot set headers after they are sent to the client\n    at ServerResponse.setHeader (_http_outgoing.js:470:11)\n    at ServerResponse.header (/Users/amruthamuraleedharan/unspent-node-api/node_modules/express/lib/response.js:771:10)\n    at ServerResponse.send (/Users/amruthamuraleedharan/unspent-node-api/node_modules/express/lib/response.js:170:12)\n    at router.put (/Users/amruthamuraleedharan/unspent-node-api/routes/accounts.js:76:21)\n    at process._tickCallback (internal/process/next_tick.js:68:7)","level":"error","timestamp":"2019-09-09T03:31:29.756Z"}
{"message":"Cannot set headers after they are sent to the client","stack":"Error [ERR_HTTP_HEADERS_SENT]: Cannot set headers after they are sent to the client\n    at ServerResponse.setHeader (_http_outgoing.js:470:11)\n    at ServerResponse.header (/Users/amruthamuraleedharan/unspent-node-api/node_modules/express/lib/response.js:771:10)\n    at ServerResponse.send (/Users/amruthamuraleedharan/unspent-node-api/node_modules/express/lib/response.js:170:12)\n    at router.put (/Users/amruthamuraleedharan/unspent-node-api/routes/accounts.js:76:21)\n    at process._tickCallback (internal/process/next_tick.js:68:7)","level":"error","timestamp":"2019-09-09T03:32:01.794Z"}
{"level":"info","message":"listening to port 3000","timestamp":"2019-09-09T03:32:28.191Z"}
{"level":"info","message":"Connected to mongodb://localhost/unspent..","timestamp":"2019-09-09T03:32:28.213Z"}
{"level":"info","message":"listening to port 3000","timestamp":"2019-09-09T03:33:24.148Z"}
{"level":"info","message":"Connected to mongodb://localhost/unspent..","timestamp":"2019-09-09T03:33:24.170Z"}
{"level":"info","message":"listening to port 3000","timestamp":"2019-09-09T03:33:44.758Z"}
{"level":"info","message":"Connected to mongodb://localhost/unspent..","timestamp":"2019-09-09T03:33:44.782Z"}
{"level":"info","message":"listening to port 3000","timestamp":"2019-09-09T03:33:56.192Z"}
{"level":"info","message":"Connected to mongodb://localhost/unspent..","timestamp":"2019-09-09T03:33:56.224Z"}
{"level":"info","message":"listening to port 3000","timestamp":"2019-09-09T03:34:10.175Z"}
{"level":"info","message":"Connected to mongodb://localhost/unspent..","timestamp":"2019-09-09T03:34:10.213Z"}
{"level":"info","message":"listening to port 3000","timestamp":"2019-09-09T03:35:20.731Z"}
{"level":"info","message":"Connected to mongodb://localhost/unspent..","timestamp":"2019-09-09T03:35:20.752Z"}
{"level":"info","message":"listening to port 3000","timestamp":"2019-09-09T03:36:04.851Z"}
{"level":"info","message":"Connected to mongodb://localhost/unspent..","timestamp":"2019-09-09T03:36:04.895Z"}
{"level":"info","message":"listening to port 3000","timestamp":"2019-09-09T03:36:15.553Z"}
{"level":"info","message":"Connected to mongodb://localhost/unspent..","timestamp":"2019-09-09T03:36:15.575Z"}
{"level":"info","message":"listening to port 3000","timestamp":"2019-09-09T03:38:06.632Z"}
{"level":"info","message":"Connected to mongodb://localhost/unspent..","timestamp":"2019-09-09T03:38:06.667Z"}
{"level":"info","message":"listening to port 3000","timestamp":"2019-09-09T03:38:25.318Z"}
{"level":"info","message":"Connected to mongodb://localhost/unspent..","timestamp":"2019-09-09T03:38:25.335Z"}
{"level":"info","message":"listening to port 3000","timestamp":"2019-09-09T03:39:16.643Z"}
{"level":"info","message":"Connected to mongodb://localhost/unspent..","timestamp":"2019-09-09T03:39:16.674Z"}
{"level":"info","message":"listening to port 3000","timestamp":"2019-09-09T03:39:29.119Z"}
{"level":"info","message":"Connected to mongodb://localhost/unspent..","timestamp":"2019-09-09T03:39:29.163Z"}
{"level":"info","message":"listening to port 3000","timestamp":"2019-09-09T03:39:41.280Z"}
{"level":"info","message":"Connected to mongodb://localhost/unspent..","timestamp":"2019-09-09T03:39:41.312Z"}
{"level":"info","message":"listening to port 3000","timestamp":"2019-09-09T03:39:48.806Z"}
{"level":"info","message":"Connected to mongodb://localhost/unspent..","timestamp":"2019-09-09T03:39:48.834Z"}
{"level":"info","message":"listening to port 3000","timestamp":"2019-09-09T03:40:30.602Z"}
{"level":"info","message":"Connected to mongodb://localhost/unspent..","timestamp":"2019-09-09T03:40:30.626Z"}
{"message":"validateRedeems is not defined","stack":"ReferenceError: validateRedeems is not defined\n    at router.put (/Users/amruthamuraleedharan/unspent-node-api/routes/accounts.js:89:11)\n    at /Users/amruthamuraleedharan/unspent-node-api/node_modules/express-async-errors/index.js:17:20\n    at Layer.handle [as handle_request] (/Users/amruthamuraleedharan/unspent-node-api/node_modules/express/lib/router/layer.js:95:5)\n    at next (/Users/amruthamuraleedharan/unspent-node-api/node_modules/express/lib/router/route.js:137:13)\n    at Route.dispatch (/Users/amruthamuraleedharan/unspent-node-api/node_modules/express/lib/router/route.js:112:3)\n    at /Users/amruthamuraleedharan/unspent-node-api/node_modules/express-async-errors/index.js:17:20\n    at Layer.handle [as handle_request] (/Users/amruthamuraleedharan/unspent-node-api/node_modules/express/lib/router/layer.js:95:5)\n    at /Users/amruthamuraleedharan/unspent-node-api/node_modules/express/lib/router/index.js:281:22\n    at param (/Users/amruthamuraleedharan/unspent-node-api/node_modules/express/lib/router/index.js:354:14)\n    at param (/Users/amruthamuraleedharan/unspent-node-api/node_modules/express/lib/router/index.js:365:14)\n    at Function.process_params (/Users/amruthamuraleedharan/unspent-node-api/node_modules/express/lib/router/index.js:410:3)\n    at next (/Users/amruthamuraleedharan/unspent-node-api/node_modules/express/lib/router/index.js:275:10)\n    at Function.handle (/Users/amruthamuraleedharan/unspent-node-api/node_modules/express/lib/router/index.js:174:3)\n    at router (/Users/amruthamuraleedharan/unspent-node-api/node_modules/express/lib/router/index.js:47:12)\n    at /Users/amruthamuraleedharan/unspent-node-api/node_modules/express-async-errors/index.js:17:20\n    at Layer.handle [as handle_request] (/Users/amruthamuraleedharan/unspent-node-api/node_modules/express/lib/router/layer.js:95:5)","level":"error","timestamp":"2019-09-09T03:40:36.867Z"}
{"level":"info","message":"listening to port 3000","timestamp":"2019-09-09T03:40:44.591Z"}
{"level":"info","message":"Connected to mongodb://localhost/unspent..","timestamp":"2019-09-09T03:40:44.619Z"}
{"level":"info","message":"listening to port 3000","timestamp":"2019-09-09T03:41:01.318Z"}
{"level":"info","message":"Connected to mongodb://localhost/unspent..","timestamp":"2019-09-09T03:41:01.337Z"}
{"level":"info","message":"listening to port 3000","timestamp":"2019-09-09T03:41:54.264Z"}
{"level":"info","message":"Connected to mongodb://localhost/unspent..","timestamp":"2019-09-09T03:41:54.288Z"}
{"level":"info","message":"listening to port 3000","timestamp":"2019-09-09T03:42:04.376Z"}
{"level":"info","message":"Connected to mongodb://localhost/unspent..","timestamp":"2019-09-09T03:42:04.404Z"}
{"level":"info","message":"listening to port 3000","timestamp":"2019-09-09T04:43:36.404Z"}
{"level":"info","message":"Connected to mongodb://localhost/unspent..","timestamp":"2019-09-09T04:43:36.424Z"}
{"level":"info","message":"listening to port 3000","timestamp":"2019-09-09T05:49:01.468Z"}
{"level":"info","message":"Connected to mongodb://localhost/unspent..","timestamp":"2019-09-09T05:49:01.515Z"}
{"level":"info","message":"listening to port 3000","timestamp":"2019-09-09T05:49:38.015Z"}
{"level":"info","message":"Connected to mongodb://localhost/unspent..","timestamp":"2019-09-09T05:49:38.048Z"}
{"level":"info","message":"listening to port 3000","timestamp":"2019-09-09T05:49:44.890Z"}
{"level":"info","message":"Connected to mongodb://localhost/unspent..","timestamp":"2019-09-09T05:49:44.928Z"}
{"level":"info","message":"listening to port 3000","timestamp":"2019-09-09T05:50:04.682Z"}
{"level":"info","message":"Connected to mongodb://localhost/unspent..","timestamp":"2019-09-09T05:50:04.737Z"}
{"level":"info","message":"listening to port 3000","timestamp":"2019-09-09T05:50:24.480Z"}
{"level":"info","message":"Connected to mongodb://localhost/unspent..","timestamp":"2019-09-09T05:50:24.580Z"}
{"level":"info","message":"listening to port 3000","timestamp":"2019-09-09T05:51:12.968Z"}
{"level":"info","message":"Connected to mongodb://localhost/unspent..","timestamp":"2019-09-09T05:51:13.001Z"}
{"level":"info","message":"listening to port 3000","timestamp":"2019-09-09T05:53:12.673Z"}
{"level":"info","message":"Connected to mongodb://localhost/unspent..","timestamp":"2019-09-09T05:53:12.705Z"}
{"level":"info","message":"listening to port 3000","timestamp":"2019-09-09T05:53:20.866Z"}
{"level":"info","message":"Connected to mongodb://localhost/unspent..","timestamp":"2019-09-09T05:53:20.896Z"}
{"level":"info","message":"listening to port 3000","timestamp":"2019-09-09T05:53:29.362Z"}
{"level":"info","message":"Connected to mongodb://localhost/unspent..","timestamp":"2019-09-09T05:53:29.440Z"}
{"level":"info","message":"listening to port 3000","timestamp":"2019-09-09T05:53:36.444Z"}
{"level":"info","message":"Connected to mongodb://localhost/unspent..","timestamp":"2019-09-09T05:53:36.494Z"}
{"message":"req.body.isArray is not a function","stack":"TypeError: req.body.isArray is not a function\n    at router.put (/Users/amruthamuraleedharan/unspent-node-api/routes/accounts.js:121:17)\n    at /Users/amruthamuraleedharan/unspent-node-api/node_modules/express-async-errors/index.js:17:20\n    at Layer.handle [as handle_request] (/Users/amruthamuraleedharan/unspent-node-api/node_modules/express/lib/router/layer.js:95:5)\n    at next (/Users/amruthamuraleedharan/unspent-node-api/node_modules/express/lib/router/route.js:137:13)\n    at Route.dispatch (/Users/amruthamuraleedharan/unspent-node-api/node_modules/express/lib/router/route.js:112:3)\n    at /Users/amruthamuraleedharan/unspent-node-api/node_modules/express-async-errors/index.js:17:20\n    at Layer.handle [as handle_request] (/Users/amruthamuraleedharan/unspent-node-api/node_modules/express/lib/router/layer.js:95:5)\n    at /Users/amruthamuraleedharan/unspent-node-api/node_modules/express/lib/router/index.js:281:22\n    at param (/Users/amruthamuraleedharan/unspent-node-api/node_modules/express/lib/router/index.js:354:14)\n    at param (/Users/amruthamuraleedharan/unspent-node-api/node_modules/express/lib/router/index.js:365:14)\n    at Function.process_params (/Users/amruthamuraleedharan/unspent-node-api/node_modules/express/lib/router/index.js:410:3)\n    at next (/Users/amruthamuraleedharan/unspent-node-api/node_modules/express/lib/router/index.js:275:10)\n    at Function.handle (/Users/amruthamuraleedharan/unspent-node-api/node_modules/express/lib/router/index.js:174:3)\n    at router (/Users/amruthamuraleedharan/unspent-node-api/node_modules/express/lib/router/index.js:47:12)\n    at /Users/amruthamuraleedharan/unspent-node-api/node_modules/express-async-errors/index.js:17:20\n    at Layer.handle [as handle_request] (/Users/amruthamuraleedharan/unspent-node-api/node_modules/express/lib/router/layer.js:95:5)","level":"error","timestamp":"2019-09-09T05:54:00.129Z"}
{"message":"req.body.isArray is not a function","stack":"TypeError: req.body.isArray is not a function\n    at router.put (/Users/amruthamuraleedharan/unspent-node-api/routes/accounts.js:121:17)\n    at /Users/amruthamuraleedharan/unspent-node-api/node_modules/express-async-errors/index.js:17:20\n    at Layer.handle [as handle_request] (/Users/amruthamuraleedharan/unspent-node-api/node_modules/express/lib/router/layer.js:95:5)\n    at next (/Users/amruthamuraleedharan/unspent-node-api/node_modules/express/lib/router/route.js:137:13)\n    at Route.dispatch (/Users/amruthamuraleedharan/unspent-node-api/node_modules/express/lib/router/route.js:112:3)\n    at /Users/amruthamuraleedharan/unspent-node-api/node_modules/express-async-errors/index.js:17:20\n    at Layer.handle [as handle_request] (/Users/amruthamuraleedharan/unspent-node-api/node_modules/express/lib/router/layer.js:95:5)\n    at /Users/amruthamuraleedharan/unspent-node-api/node_modules/express/lib/router/index.js:281:22\n    at param (/Users/amruthamuraleedharan/unspent-node-api/node_modules/express/lib/router/index.js:354:14)\n    at param (/Users/amruthamuraleedharan/unspent-node-api/node_modules/express/lib/router/index.js:365:14)\n    at Function.process_params (/Users/amruthamuraleedharan/unspent-node-api/node_modules/express/lib/router/index.js:410:3)\n    at next (/Users/amruthamuraleedharan/unspent-node-api/node_modules/express/lib/router/index.js:275:10)\n    at Function.handle (/Users/amruthamuraleedharan/unspent-node-api/node_modules/express/lib/router/index.js:174:3)\n    at router (/Users/amruthamuraleedharan/unspent-node-api/node_modules/express/lib/router/index.js:47:12)\n    at /Users/amruthamuraleedharan/unspent-node-api/node_modules/express-async-errors/index.js:17:20\n    at Layer.handle [as handle_request] (/Users/amruthamuraleedharan/unspent-node-api/node_modules/express/lib/router/layer.js:95:5)","level":"error","timestamp":"2019-09-09T05:54:49.186Z"}
{"level":"info","message":"listening to port 3000","timestamp":"2019-09-09T05:55:16.001Z"}
{"level":"info","message":"Connected to mongodb://localhost/unspent..","timestamp":"2019-09-09T05:55:16.031Z"}
{"message":"req.body.boxes.isArray is not a function","stack":"TypeError: req.body.boxes.isArray is not a function\n    at router.put (/Users/amruthamuraleedharan/unspent-node-api/routes/accounts.js:121:23)\n    at /Users/amruthamuraleedharan/unspent-node-api/node_modules/express-async-errors/index.js:17:20\n    at Layer.handle [as handle_request] (/Users/amruthamuraleedharan/unspent-node-api/node_modules/express/lib/router/layer.js:95:5)\n    at next (/Users/amruthamuraleedharan/unspent-node-api/node_modules/express/lib/router/route.js:137:13)\n    at Route.dispatch (/Users/amruthamuraleedharan/unspent-node-api/node_modules/express/lib/router/route.js:112:3)\n    at /Users/amruthamuraleedharan/unspent-node-api/node_modules/express-async-errors/index.js:17:20\n    at Layer.handle [as handle_request] (/Users/amruthamuraleedharan/unspent-node-api/node_modules/express/lib/router/layer.js:95:5)\n    at /Users/amruthamuraleedharan/unspent-node-api/node_modules/express/lib/router/index.js:281:22\n    at param (/Users/amruthamuraleedharan/unspent-node-api/node_modules/express/lib/router/index.js:354:14)\n    at param (/Users/amruthamuraleedharan/unspent-node-api/node_modules/express/lib/router/index.js:365:14)\n    at Function.process_params (/Users/amruthamuraleedharan/unspent-node-api/node_modules/express/lib/router/index.js:410:3)\n    at next (/Users/amruthamuraleedharan/unspent-node-api/node_modules/express/lib/router/index.js:275:10)\n    at Function.handle (/Users/amruthamuraleedharan/unspent-node-api/node_modules/express/lib/router/index.js:174:3)\n    at router (/Users/amruthamuraleedharan/unspent-node-api/node_modules/express/lib/router/index.js:47:12)\n    at /Users/amruthamuraleedharan/unspent-node-api/node_modules/express-async-errors/index.js:17:20\n    at Layer.handle [as handle_request] (/Users/amruthamuraleedharan/unspent-node-api/node_modules/express/lib/router/layer.js:95:5)","level":"error","timestamp":"2019-09-09T05:55:19.939Z"}
{"level":"info","message":"listening to port 3000","timestamp":"2019-09-09T05:55:47.357Z"}
{"level":"info","message":"Connected to mongodb://localhost/unspent..","timestamp":"2019-09-09T05:55:47.377Z"}
{"message":"boxes is not defined","stack":"ReferenceError: boxes is not defined\n    at router.put (/Users/amruthamuraleedharan/unspent-node-api/routes/accounts.js:124:26)\n    at /Users/amruthamuraleedharan/unspent-node-api/node_modules/express-async-errors/index.js:17:20\n    at Layer.handle [as handle_request] (/Users/amruthamuraleedharan/unspent-node-api/node_modules/express/lib/router/layer.js:95:5)\n    at next (/Users/amruthamuraleedharan/unspent-node-api/node_modules/express/lib/router/route.js:137:13)\n    at Route.dispatch (/Users/amruthamuraleedharan/unspent-node-api/node_modules/express/lib/router/route.js:112:3)\n    at /Users/amruthamuraleedharan/unspent-node-api/node_modules/express-async-errors/index.js:17:20\n    at Layer.handle [as handle_request] (/Users/amruthamuraleedharan/unspent-node-api/node_modules/express/lib/router/layer.js:95:5)\n    at /Users/amruthamuraleedharan/unspent-node-api/node_modules/express/lib/router/index.js:281:22\n    at param (/Users/amruthamuraleedharan/unspent-node-api/node_modules/express/lib/router/index.js:354:14)\n    at param (/Users/amruthamuraleedharan/unspent-node-api/node_modules/express/lib/router/index.js:365:14)\n    at Function.process_params (/Users/amruthamuraleedharan/unspent-node-api/node_modules/express/lib/router/index.js:410:3)\n    at next (/Users/amruthamuraleedharan/unspent-node-api/node_modules/express/lib/router/index.js:275:10)\n    at Function.handle (/Users/amruthamuraleedharan/unspent-node-api/node_modules/express/lib/router/index.js:174:3)\n    at router (/Users/amruthamuraleedharan/unspent-node-api/node_modules/express/lib/router/index.js:47:12)\n    at /Users/amruthamuraleedharan/unspent-node-api/node_modules/express-async-errors/index.js:17:20\n    at Layer.handle [as handle_request] (/Users/amruthamuraleedharan/unspent-node-api/node_modules/express/lib/router/layer.js:95:5)","level":"error","timestamp":"2019-09-09T05:55:50.495Z"}
{"level":"info","message":"listening to port 3000","timestamp":"2019-09-09T05:55:59.135Z"}
{"level":"info","message":"Connected to mongodb://localhost/unspent..","timestamp":"2019-09-09T05:55:59.152Z"}
{"level":"info","message":"listening to port 3000","timestamp":"2019-09-09T05:56:49.134Z"}
{"level":"info","message":"Connected to mongodb://localhost/unspent..","timestamp":"2019-09-09T05:56:49.154Z"}
{"level":"info","message":"listening to port 3000","timestamp":"2019-09-09T05:57:05.398Z"}
{"level":"info","message":"Connected to mongodb://localhost/unspent..","timestamp":"2019-09-09T05:57:05.423Z"}
{"level":"info","message":"listening to port 3000","timestamp":"2019-09-09T05:57:47.637Z"}
{"level":"info","message":"Connected to mongodb://localhost/unspent..","timestamp":"2019-09-09T05:57:47.661Z"}
{"level":"info","message":"listening to port 3000","timestamp":"2019-09-09T06:02:35.783Z"}
{"level":"info","message":"Connected to mongodb://localhost/unspent..","timestamp":"2019-09-09T06:02:35.807Z"}
{"level":"info","message":"listening to port 3000","timestamp":"2019-09-09T06:21:19.339Z"}
{"level":"info","message":"Connected to mongodb://localhost/unspent..","timestamp":"2019-09-09T06:21:19.360Z"}
{"level":"info","message":"listening to port 3000","timestamp":"2019-09-09T06:25:48.971Z"}
{"level":"info","message":"Connected to mongodb://localhost/unspent..","timestamp":"2019-09-09T06:25:49.006Z"}
{"level":"info","message":"listening to port 3000","timestamp":"2019-09-09T08:18:03.622Z"}
{"level":"info","message":"Connected to mongodb://localhost/unspent..","timestamp":"2019-09-09T08:18:03.650Z"}
{"level":"info","message":"listening to port 3000","timestamp":"2019-09-09T08:18:13.551Z"}
{"level":"info","message":"Connected to mongodb://localhost/unspent..","timestamp":"2019-09-09T08:18:13.576Z"}
{"level":"info","message":"listening to port 3000","timestamp":"2019-09-09T08:25:00.634Z"}
{"level":"info","message":"Connected to mongodb://localhost/unspent..","timestamp":"2019-09-09T08:25:00.661Z"}
{"level":"info","message":"listening to port 3000","timestamp":"2019-09-11T03:28:48.839Z"}
{"level":"info","message":"Connected to mongodb://localhost/unspent..","timestamp":"2019-09-11T03:28:48.864Z"}
{"level":"info","message":"listening to port 3000","timestamp":"2019-09-11T03:37:14.673Z"}
{"level":"info","message":"Connected to mongodb://localhost/unspent..","timestamp":"2019-09-11T03:37:14.698Z"}
{"level":"info","message":"listening to port 3000","timestamp":"2019-09-11T03:38:03.026Z"}
{"level":"info","message":"Connected to mongodb://localhost/unspent..","timestamp":"2019-09-11T03:38:03.053Z"}
{"level":"info","message":"listening to port 3000","timestamp":"2019-09-11T04:05:19.922Z"}
{"level":"info","message":"Connected to mongodb://localhost/unspent..","timestamp":"2019-09-11T04:05:19.944Z"}
{"level":"info","message":"listening to port 3000","timestamp":"2019-09-11T04:05:57.602Z"}
{"level":"info","message":"Connected to mongodb://localhost/unspent..","timestamp":"2019-09-11T04:05:57.629Z"}
{"level":"info","message":"listening to port 3000","timestamp":"2019-09-11T04:06:24.630Z"}
{"level":"info","message":"Connected to mongodb://localhost/unspent..","timestamp":"2019-09-11T04:06:24.658Z"}
{"level":"info","message":"listening to port 3000","timestamp":"2019-09-11T04:07:38.213Z"}
{"level":"info","message":"Connected to mongodb://localhost/unspent..","timestamp":"2019-09-11T04:07:38.238Z"}
{"level":"info","message":"listening to port 3000","timestamp":"2019-09-11T04:08:19.574Z"}
{"level":"info","message":"Connected to mongodb://localhost/unspent..","timestamp":"2019-09-11T04:08:19.599Z"}
{"level":"info","message":"listening to port 3000","timestamp":"2019-09-11T04:09:42.715Z"}
{"level":"info","message":"Connected to mongodb://localhost/unspent..","timestamp":"2019-09-11T04:09:42.733Z"}
{"level":"info","message":"listening to port 3000","timestamp":"2019-09-11T04:10:54.145Z"}
{"level":"info","message":"Connected to mongodb://localhost/unspent..","timestamp":"2019-09-11T04:10:54.175Z"}
{"level":"info","message":"listening to port 3000","timestamp":"2019-09-11T04:11:08.822Z"}
{"level":"info","message":"Connected to mongodb://localhost/unspent..","timestamp":"2019-09-11T04:11:08.854Z"}
{"level":"info","message":"listening to port 3000","timestamp":"2019-09-11T04:11:42.049Z"}
{"level":"info","message":"Connected to mongodb://localhost/unspent..","timestamp":"2019-09-11T04:11:42.073Z"}
{"level":"info","message":"listening to port 3000","timestamp":"2019-09-11T04:12:07.790Z"}
{"level":"info","message":"Connected to mongodb://localhost/unspent..","timestamp":"2019-09-11T04:12:07.820Z"}
{"level":"info","message":"listening to port 3000","timestamp":"2019-09-11T04:12:57.652Z"}
{"level":"info","message":"Connected to mongodb://localhost/unspent..","timestamp":"2019-09-11T04:12:57.676Z"}
{"level":"info","message":"listening to port 3000","timestamp":"2019-09-11T04:13:25.255Z"}
{"level":"info","message":"Connected to mongodb://localhost/unspent..","timestamp":"2019-09-11T04:13:25.280Z"}
{"level":"info","message":"listening to port 3000","timestamp":"2019-09-11T04:13:39.536Z"}
{"level":"info","message":"Connected to mongodb://localhost/unspent..","timestamp":"2019-09-11T04:13:39.564Z"}
{"level":"info","message":"listening to port 3000","timestamp":"2019-09-11T04:14:00.403Z"}
{"level":"info","message":"Connected to mongodb://localhost/unspent..","timestamp":"2019-09-11T04:14:00.429Z"}
{"level":"info","message":"listening to port 3000","timestamp":"2019-09-11T04:16:38.236Z"}
{"level":"info","message":"Connected to mongodb://localhost/unspent..","timestamp":"2019-09-11T04:16:38.280Z"}
{"level":"info","message":"listening to port 3000","timestamp":"2019-09-11T04:18:49.684Z"}
{"level":"info","message":"Connected to mongodb://localhost/unspent..","timestamp":"2019-09-11T04:18:49.708Z"}
{"level":"info","message":"listening to port 3000","timestamp":"2019-09-11T04:19:04.319Z"}
{"level":"info","message":"Connected to mongodb://localhost/unspent..","timestamp":"2019-09-11T04:19:04.344Z"}
{"level":"info","message":"listening to port 3000","timestamp":"2019-09-11T04:19:20.381Z"}
{"level":"info","message":"Connected to mongodb://localhost/unspent..","timestamp":"2019-09-11T04:19:20.407Z"}
{"level":"info","message":"listening to port 3000","timestamp":"2019-09-11T04:41:14.164Z"}
{"level":"info","message":"Connected to mongodb://localhost/unspent..","timestamp":"2019-09-11T04:41:14.186Z"}
{"level":"info","message":"listening to port 3000","timestamp":"2019-09-11T04:42:36.701Z"}
{"level":"info","message":"Connected to mongodb://localhost/unspent..","timestamp":"2019-09-11T04:42:36.720Z"}
{"level":"info","message":"listening to port 3000","timestamp":"2019-09-11T04:47:35.517Z"}
{"level":"info","message":"Connected to mongodb://localhost/unspent..","timestamp":"2019-09-11T04:47:35.555Z"}
{"level":"info","message":"listening to port 3000","timestamp":"2019-09-11T04:48:15.939Z"}
{"level":"info","message":"Connected to mongodb://localhost/unspent..","timestamp":"2019-09-11T04:48:15.966Z"}
{"level":"info","message":"listening to port 3000","timestamp":"2019-09-11T04:48:45.274Z"}
{"level":"info","message":"Connected to mongodb://localhost/unspent..","timestamp":"2019-09-11T04:48:45.301Z"}
{"level":"info","message":"listening to port 3000","timestamp":"2019-09-11T04:49:23.850Z"}
{"level":"info","message":"Connected to mongodb://localhost/unspent..","timestamp":"2019-09-11T04:49:23.901Z"}
{"level":"info","message":"listening to port 3000","timestamp":"2019-09-11T04:50:12.985Z"}
{"level":"info","message":"Connected to mongodb://localhost/unspent..","timestamp":"2019-09-11T04:50:13.004Z"}
{"level":"info","message":"listening to port 3000","timestamp":"2019-09-11T04:50:46.399Z"}
{"level":"info","message":"Connected to mongodb://localhost/unspent..","timestamp":"2019-09-11T04:50:46.431Z"}
{"level":"info","message":"listening to port 3000","timestamp":"2019-09-11T04:50:49.416Z"}
{"level":"info","message":"Connected to mongodb://localhost/unspent..","timestamp":"2019-09-11T04:50:49.440Z"}
{"level":"info","message":"listening to port 3000","timestamp":"2019-09-11T04:51:40.950Z"}
{"level":"info","message":"Connected to mongodb://localhost/unspent..","timestamp":"2019-09-11T04:51:40.983Z"}
{"level":"info","message":"listening to port 3000","timestamp":"2019-09-11T04:51:57.307Z"}
{"level":"info","message":"Connected to mongodb://localhost/unspent..","timestamp":"2019-09-11T04:51:57.333Z"}
{"level":"info","message":"listening to port 3000","timestamp":"2019-09-11T04:52:16.030Z"}
{"level":"info","message":"Connected to mongodb://localhost/unspent..","timestamp":"2019-09-11T04:52:16.064Z"}
{"level":"info","message":"listening to port 3000","timestamp":"2019-09-11T04:52:46.227Z"}
{"level":"info","message":"Connected to mongodb://localhost/unspent..","timestamp":"2019-09-11T04:52:46.251Z"}
{"level":"info","message":"listening to port 3000","timestamp":"2019-09-11T04:55:36.444Z"}
{"level":"info","message":"Connected to mongodb://localhost/unspent..","timestamp":"2019-09-11T04:55:36.474Z"}
{"level":"info","message":"listening to port 3000","timestamp":"2019-09-11T04:57:36.524Z"}
{"level":"info","message":"Connected to mongodb://localhost/unspent..","timestamp":"2019-09-11T04:57:36.549Z"}
{"level":"info","message":"listening to port 3000","timestamp":"2019-09-16T04:07:42.476Z"}
{"level":"info","message":"Connected to mongodb://localhost/unspent..","timestamp":"2019-09-16T04:07:42.517Z"}
{"level":"info","message":"listening to port 3000","timestamp":"2019-09-16T04:09:07.201Z"}
{"level":"info","message":"Connected to mongodb://localhost/unspent..","timestamp":"2019-09-16T04:09:07.235Z"}
{"level":"info","message":"listening to port 3000","timestamp":"2019-09-16T04:09:24.746Z"}
{"level":"info","message":"Connected to mongodb://localhost/unspent..","timestamp":"2019-09-16T04:09:24.768Z"}
{"level":"info","message":"listening to port 3000","timestamp":"2019-09-16T04:11:37.573Z"}
{"level":"info","message":"Connected to mongodb://localhost/unspent..","timestamp":"2019-09-16T04:11:37.604Z"}
{"level":"info","message":"listening to port 3000","timestamp":"2019-09-16T04:11:50.170Z"}
{"level":"info","message":"Connected to mongodb://localhost/unspent..","timestamp":"2019-09-16T04:11:50.227Z"}
{"level":"info","message":"listening to port 3000","timestamp":"2019-09-16T04:13:18.582Z"}
{"level":"info","message":"Connected to mongodb://localhost/unspent..","timestamp":"2019-09-16T04:13:18.614Z"}
{"level":"info","message":"listening to port 3000","timestamp":"2019-09-16T04:23:25.262Z"}
{"level":"info","message":"Connected to mongodb://localhost/unspent..","timestamp":"2019-09-16T04:23:25.282Z"}
{"level":"info","message":"listening to port 3000","timestamp":"2019-09-16T04:23:32.351Z"}
{"level":"info","message":"Connected to mongodb://localhost/unspent..","timestamp":"2019-09-16T04:23:32.397Z"}
{"level":"info","message":"listening to port 3000","timestamp":"2019-09-16T04:24:23.693Z"}
{"level":"info","message":"Connected to mongodb://localhost/unspent..","timestamp":"2019-09-16T04:24:23.718Z"}
{"level":"info","message":"listening to port 3000","timestamp":"2019-09-16T04:24:27.496Z"}
{"level":"info","message":"Connected to mongodb://localhost/unspent..","timestamp":"2019-09-16T04:24:27.538Z"}
{"level":"info","message":"listening to port 3000","timestamp":"2019-09-16T04:24:29.995Z"}
{"level":"info","message":"Connected to mongodb://localhost/unspent..","timestamp":"2019-09-16T04:24:30.023Z"}
{"level":"info","message":"listening to port 3000","timestamp":"2019-09-16T04:49:35.217Z"}
{"level":"info","message":"Connected to mongodb://localhost/unspent..","timestamp":"2019-09-16T04:49:35.240Z"}
{"level":"info","message":"listening to port 3000","timestamp":"2019-09-16T04:51:51.335Z"}
{"level":"info","message":"Connected to mongodb://localhost/unspent..","timestamp":"2019-09-16T04:51:51.353Z"}
{"level":"info","message":"listening to port 3000","timestamp":"2019-09-16T04:54:56.603Z"}
{"level":"info","message":"Connected to mongodb://localhost/unspent..","timestamp":"2019-09-16T04:54:56.637Z"}
{"level":"info","message":"listening to port 3000","timestamp":"2019-09-16T05:25:38.615Z"}
{"level":"info","message":"Connected to mongodb://localhost/unspent..","timestamp":"2019-09-16T05:25:38.635Z"}
